::1 - - [30/Sep/2025:00:59:53 +0000] "GET /api/users/allUsers HTTP/1.1" 401 26 "-" "PostmanRuntime/7.46.1"
::1 - - [30/Sep/2025:01:01:01 +0000] "POST /api/users/login HTTP/1.1" 200 439 "-" "PostmanRuntime/7.46.1"
::1 - - [30/Sep/2025:01:04:09 +0000] "GET /api/users/allUsers HTTP/1.1" - - "-" "PostmanRuntime/7.46.1"
::1 - - [30/Sep/2025:01:05:24 +0000] "GET /api/users/allUsers HTTP/1.1" - - "-" "PostmanRuntime/7.46.1"
::1 - - [30/Sep/2025:01:06:21 +0000] "GET /api/users/allUsers HTTP/1.1" - - "-" "PostmanRuntime/7.46.1"
::1 - - [30/Sep/2025:01:06:22 +0000] "GET /api/users/allUsers HTTP/1.1" 200 676 "-" "PostmanRuntime/7.46.1"
::1 - - [30/Sep/2025:15:13:21 +0000] "GET /api/users/allUsers HTTP/1.1" 200 676 "-" "PostmanRuntime/7.46.1"
::1 - - [30/Sep/2025:15:15:19 +0000] "GET /api/users/allUsers HTTP/1.1" 401 26 "-" "PostmanRuntime/7.46.1"
::1 - - [30/Sep/2025:15:16:48 +0000] "POST /api/users/createUser HTTP/1.1" 401 26 "-" "PostmanRuntime/7.46.1"
::1 - - [30/Sep/2025:15:17:04 +0000] "POST /api/users/createUser HTTP/1.1" 201 404 "-" "PostmanRuntime/7.46.1"
::1 - - [30/Sep/2025:15:17:20 +0000] "POST /api/users/login HTTP/1.1" 200 446 "-" "PostmanRuntime/7.46.1"
::1 - - [30/Sep/2025:15:17:45 +0000] "GET /api/users/allUsers HTTP/1.1" 200 1018 "-" "PostmanRuntime/7.46.1"
::1 - - [30/Sep/2025:17:14:14 +0000] "GET /api/users/allUsers HTTP/1.1" 200 1018 "-" "PostmanRuntime/7.46.1"
::1 - - [30/Sep/2025:17:15:08 +0000] "GET /api/users/allUsers HTTP/1.1" - - "-" "PostmanRuntime/7.46.1"
::1 - - [30/Sep/2025:17:15:09 +0000] "GET /api/users/allUsers HTTP/1.1" 401 26 "-" "PostmanRuntime/7.46.1"
::1 - - [30/Sep/2025:17:18:04 +0000] "GET /api/users/allUsers HTTP/1.1" 401 26 "-" "PostmanRuntime/7.46.1"
::1 - - [30/Sep/2025:17:18:06 +0000] "GET /api/users/allUsers HTTP/1.1" 401 26 "-" "PostmanRuntime/7.46.1"
::1 - - [30/Sep/2025:17:30:02 +0000] "GET /api/users/allUsers HTTP/1.1" 401 26 "-" "PostmanRuntime/7.46.1"
::1 - - [30/Sep/2025:17:30:39 +0000] "POST /api/users/login HTTP/1.1" 500 1137 "-" "PostmanRuntime/7.46.1"
::1 - - [30/Sep/2025:17:31:08 +0000] "GET /api/users/allUsers HTTP/1.1" 401 26 "-" "PostmanRuntime/7.46.1"
::1 - - [30/Sep/2025:17:35:17 +0000] "GET /api/users/allUsers HTTP/1.1" 401 26 "-" "PostmanRuntime/7.46.1"
::1 - - [30/Sep/2025:17:35:18 +0000] "GET /api/users/allUsers HTTP/1.1" 401 26 "-" "PostmanRuntime/7.46.1"
::1 - - [30/Sep/2025:17:40:42 +0000] "GET /api/users/allUsers HTTP/1.1" 401 26 "-" "PostmanRuntime/7.46.1"
::1 - - [30/Sep/2025:17:40:44 +0000] "GET /api/users/allUsers HTTP/1.1" 401 26 "-" "PostmanRuntime/7.46.1"
::1 - - [30/Sep/2025:17:41:05 +0000] "GET /api/users/allUsers HTTP/1.1" 401 26 "-" "PostmanRuntime/7.46.1"
::1 - - [30/Sep/2025:17:41:14 +0000] "GET /api/users/allUsers HTTP/1.1" 401 26 "-" "PostmanRuntime/7.46.1"
::1 - - [30/Sep/2025:17:42:48 +0000] "GET /api/users/allUsers HTTP/1.1" 500 1137 "-" "PostmanRuntime/7.46.1"
::1 - - [30/Sep/2025:17:43:48 +0000] "GET /api/users/allUsers HTTP/1.1" 500 1137 "-" "PostmanRuntime/7.46.1"
::1 - - [30/Sep/2025:17:44:24 +0000] "GET /api/users/allUsers HTTP/1.1" 500 1137 "-" "PostmanRuntime/7.46.1"
::1 - - [30/Sep/2025:17:45:50 +0000] "GET /api/users/allUsers HTTP/1.1" 200 1018 "-" "PostmanRuntime/7.46.1"
::1 - - [30/Sep/2025:17:46:03 +0000] "GET /api/users/allUsers HTTP/1.1" 500 1137 "-" "PostmanRuntime/7.46.1"
::1 - - [30/Sep/2025:17:49:07 +0000] "GET /api/users/allUsers HTTP/1.1" 500 1137 "-" "PostmanRuntime/7.46.1"
::1 - - [30/Sep/2025:17:51:38 +0000] "GET /api/users/allUsers HTTP/1.1" 500 1137 "-" "PostmanRuntime/7.46.1"
::1 - - [30/Sep/2025:17:55:03 +0000] "GET /api/users/allUsers HTTP/1.1" 401 26 "-" "PostmanRuntime/7.46.1"
::1 - - [30/Sep/2025:18:00:10 +0000] "GET /api/users/allUsers HTTP/1.1" 401 26 "-" "PostmanRuntime/7.46.1"
::1 - - [30/Sep/2025:18:36:05 +0000] "GET /api/users/allUsers HTTP/1.1" 401 26 "-" "PostmanRuntime/7.48.0"
::1 - - [30/Sep/2025:18:36:07 +0000] "GET /api/users/allUsers HTTP/1.1" 401 26 "-" "PostmanRuntime/7.48.0"
::1 - - [30/Sep/2025:18:36:26 +0000] "POST /api/users/createUser HTTP/1.1" 401 26 "-" "PostmanRuntime/7.48.0"
::1 - - [30/Sep/2025:18:36:59 +0000] "POST /api/users/createUser HTTP/1.1" 201 405 "-" "PostmanRuntime/7.48.0"
::1 - - [30/Sep/2025:18:37:14 +0000] "POST /api/users/login HTTP/1.1" 200 448 "-" "PostmanRuntime/7.48.0"
::1 - - [30/Sep/2025:18:38:09 +0000] "GET /api/users/allUsers HTTP/1.1" 500 1137 "-" "PostmanRuntime/7.48.0"
::1 - - [30/Sep/2025:18:41:49 +0000] "GET /api/users/allUsers HTTP/1.1" 500 1137 "-" "PostmanRuntime/7.48.0"
::1 - - [30/Sep/2025:18:42:32 +0000] "GET /api/users/allUsers HTTP/1.1" 500 1137 "-" "PostmanRuntime/7.48.0"
::1 - - [30/Sep/2025:18:43:18 +0000] "GET /api/users/allUsers HTTP/1.1" 500 1137 "-" "PostmanRuntime/7.48.0"
::1 - - [30/Sep/2025:18:44:32 +0000] "POST /api/users/login HTTP/1.1" - - "-" "PostmanRuntime/7.48.0"
::1 - - [30/Sep/2025:18:44:56 +0000] "POST /api/users/createUser HTTP/1.1" 201 406 "-" "PostmanRuntime/7.48.0"
::1 - - [30/Sep/2025:18:45:01 +0000] "POST /api/users/login HTTP/1.1" - - "-" "PostmanRuntime/7.48.0"
::1 - - [30/Sep/2025:18:45:03 +0000] "POST /api/users/login HTTP/1.1" 200 450 "-" "PostmanRuntime/7.48.0"
::1 - - [30/Sep/2025:18:45:43 +0000] "POST /api/users/createUser HTTP/1.1" 400 51 "-" "PostmanRuntime/7.48.0"
::1 - - [30/Sep/2025:18:46:03 +0000] "GET /api/users/allUsers HTTP/1.1" 200 1705 "-" "PostmanRuntime/7.48.0"
::1 - - [30/Sep/2025:18:46:25 +0000] "GET /api/users/allUsers HTTP/1.1" 500 1137 "-" "PostmanRuntime/7.48.0"
::1 - - [30/Sep/2025:18:48:16 +0000] "GET /api/users/allUsers HTTP/1.1" 500 1137 "-" "PostmanRuntime/7.48.0"
::1 - - [30/Sep/2025:18:48:17 +0000] "GET /api/users/allUsers HTTP/1.1" 500 1137 "-" "PostmanRuntime/7.48.0"
::1 - - [30/Sep/2025:18:48:18 +0000] "GET /api/users/allUsers HTTP/1.1" 500 1137 "-" "PostmanRuntime/7.48.0"
::1 - - [01/Oct/2025:01:53:37 +0000] "GET /api/users/allUsers HTTP/1.1" 200 1705 "-" "PostmanRuntime/7.48.0"
::1 - - [01/Oct/2025:01:53:52 +0000] "POST /api/users/createUser HTTP/1.1" 201 406 "-" "PostmanRuntime/7.48.0"
::1 - - [01/Oct/2025:01:54:08 +0000] "POST /api/users/login HTTP/1.1" 200 450 "-" "PostmanRuntime/7.48.0"
::1 - - [01/Oct/2025:01:54:43 +0000] "GET /api/users/allUsers HTTP/1.1" 500 1137 "-" "PostmanRuntime/7.48.0"
::1 - - [01/Oct/2025:02:16:06 +0000] "GET /api/users/allUsers HTTP/1.1" 200 2049 "-" "PostmanRuntime/7.48.0"
::1 - - [01/Oct/2025:02:20:19 +0000] "GET /api/users/allUsers HTTP/1.1" 200 2049 "-" "PostmanRuntime/7.48.0"
::1 - - [01/Oct/2025:02:20:55 +0000] "GET /api/users/allUsers HTTP/1.1" 200 2049 "-" "PostmanRuntime/7.48.0"
::1 - - [01/Oct/2025:02:30:57 +0000] "GET /api/users/allUsers HTTP/1.1" 401 27 "-" "PostmanRuntime/7.48.0"
::1 - - [01/Oct/2025:02:33:56 +0000] "GET /api/users/allUsers HTTP/1.1" 500 1137 "-" "PostmanRuntime/7.48.0"
::1 - - [01/Oct/2025:02:36:38 +0000] "GET /api/users/allUsers HTTP/1.1" 500 1137 "-" "PostmanRuntime/7.48.0"
::1 - - [01/Oct/2025:02:37:56 +0000] "GET /api/users/allUsers HTTP/1.1" 500 1137 "-" "PostmanRuntime/7.48.0"
::1 - - [01/Oct/2025:03:05:27 +0000] "GET /api/users/allUsers HTTP/1.1" 200 2049 "-" "PostmanRuntime/7.48.0"
::1 - - [01/Oct/2025:03:05:40 +0000] "POST /api/users/createUser HTTP/1.1" 201 406 "-" "PostmanRuntime/7.48.0"
::1 - - [01/Oct/2025:03:05:48 +0000] "POST /api/users/login HTTP/1.1" 200 450 "-" "PostmanRuntime/7.48.0"
::1 - - [01/Oct/2025:03:06:11 +0000] "GET /api/users/allUsers HTTP/1.1" 200 2393 "-" "PostmanRuntime/7.48.0"
::1 - - [01/Oct/2025:03:07:17 +0000] "GET /api/users/allUsers HTTP/1.1" 200 2393 "-" "PostmanRuntime/7.48.0"
::1 - - [01/Oct/2025:03:07:18 +0000] "GET /api/users/allUsers HTTP/1.1" 200 2393 "-" "PostmanRuntime/7.48.0"
::1 - - [01/Oct/2025:03:07:20 +0000] "GET /api/users/allUsers HTTP/1.1" 200 2393 "-" "PostmanRuntime/7.48.0"
::1 - - [01/Oct/2025:03:09:18 +0000] "GET /api/users/allUsers HTTP/1.1" 200 2393 "-" "PostmanRuntime/7.48.0"
::1 - - [01/Oct/2025:16:08:01 +0000] "POST /api/users/createUser HTTP/1.1" 201 406 "-" "PostmanRuntime/7.48.0"
::1 - - [01/Oct/2025:16:14:50 +0000] "POST /api/users/createUser HTTP/1.1" 500 51 "-" "PostmanRuntime/7.48.0"
::1 - - [01/Oct/2025:16:22:51 +0000] "POST /api/users/createUser HTTP/1.1" 500 51 "-" "PostmanRuntime/7.48.0"
::1 - - [01/Oct/2025:16:26:59 +0000] "POST /api/users/createUser HTTP/1.1" 500 51 "-" "PostmanRuntime/7.48.0"
::1 - - [01/Oct/2025:16:28:07 +0000] "POST /api/users/createUser HTTP/1.1" 500 133 "-" "PostmanRuntime/7.48.0"
::1 - - [01/Oct/2025:16:28:28 +0000] "POST /api/users/createUser HTTP/1.1" 201 382 "-" "PostmanRuntime/7.48.0"
::1 - - [01/Oct/2025:16:41:19 +0000] "POST /api/users/createUser HTTP/1.1" 400 51 "-" "PostmanRuntime/7.48.0"
::1 - - [01/Oct/2025:16:41:46 +0000] "POST /api/users/createUser HTTP/1.1" 201 421 "-" "PostmanRuntime/7.48.0"
::1 - - [01/Oct/2025:16:44:58 +0000] "POST /api/users/createUser HTTP/1.1" 500 1110 "-" "PostmanRuntime/7.48.0"
::1 - - [01/Oct/2025:16:46:36 +0000] "POST /api/users/createUser HTTP/1.1" 201 418 "-" "PostmanRuntime/7.48.0"
::1 - - [01/Oct/2025:16:49:07 +0000] "POST /api/users/createUser HTTP/1.1" 201 419 "-" "PostmanRuntime/7.48.0"
::1 - - [01/Oct/2025:16:50:16 +0000] "POST /api/users/createUser HTTP/1.1" 201 420 "-" "PostmanRuntime/7.48.0"
::1 - - [01/Oct/2025:17:02:44 +0000] "POST /api/users/createUser HTTP/1.1" 500 925 "-" "PostmanRuntime/7.48.0"
::1 - - [01/Oct/2025:17:06:31 +0000] "POST /api/users/createUser HTTP/1.1" 500 245 "-" "PostmanRuntime/7.48.0"
::1 - - [01/Oct/2025:17:08:02 +0000] "POST /api/users/createUser HTTP/1.1" 201 475 "-" "PostmanRuntime/7.48.0"
::1 - - [01/Oct/2025:17:09:47 +0000] "POST /api/users/createUser HTTP/1.1" 201 429 "-" "PostmanRuntime/7.48.0"
